#
# There is insufficient memory for the Java Runtime Environment to continue.
# Native memory allocation (malloc) failed to allocate 131088 bytes for Chunk::new
# Possible reasons:
#   The system is out of physical RAM or swap space
#   In 32 bit mode, the process size limit was hit
# Possible solutions:
#   Reduce memory load on the system
#   Increase physical memory or swap space
#   Check if swap backing store is full
#   Use 64 bit Java on a 64 bit OS
#   Decrease Java heap size (-Xmx/-Xms)
#   Decrease number of Java threads
#   Decrease Java thread stack sizes (-Xss)
#   Set larger code cache with -XX:ReservedCodeCacheSize=
# This output file may be truncated or incomplete.
#
#  Out of Memory Error (allocation.cpp:390), pid=4784, tid=15448
#
# JRE version: Java(TM) SE Runtime Environment (8.0_31-b13) (build 1.8.0_31-b13)
# Java VM: Java HotSpot(TM) 64-Bit Server VM (25.31-b07 mixed mode windows-amd64 compressed oops)
# Failed to write core dump. Minidumps are not enabled by default on client versions of Windows
#

---------------  T H R E A D  ---------------

Current thread (0x0000000017430000):  JavaThread "C2 CompilerThread1" daemon [_thread_in_native, id=15448, stack(0x0000000018f60000,0x0000000019060000)]

Stack: [0x0000000018f60000,0x0000000019060000]
Native frames: (J=compiled Java code, j=interpreted, Vv=VM code, C=native code)
V  [jvm.dll+0x3169ba]
V  [jvm.dll+0x2674c3]
V  [jvm.dll+0x268103]
V  [jvm.dll+0x25f8f5]
V  [jvm.dll+0xbf025]
V  [jvm.dll+0xbf4cc]
V  [jvm.dll+0xbf774]
V  [jvm.dll+0x4cfb00]
V  [jvm.dll+0x49ef1f]
V  [jvm.dll+0x452b35]
V  [jvm.dll+0x454124]
V  [jvm.dll+0x437c62]
V  [jvm.dll+0x988e2]
V  [jvm.dll+0x990d3]
V  [jvm.dll+0x22c194]
V  [jvm.dll+0x28576a]
C  [msvcr100.dll+0x21d9f]
C  [msvcr100.dll+0x21e3b]
C  [KERNEL32.DLL+0x8364]
C  [ntdll.dll+0x670d1]


Current CompileTask:
C2: 360858 29052       4       org.gradle.internal.service.DefaultServiceRegistry$OwnServices::addServiceType (69 bytes)


---------------  P R O C E S S  ---------------

Java Threads: ( => current thread )
  0x000000001cac5000 JavaThread "Cache worker for file hash cache (E:\AndroidStudioProjects\LaiKaWord\.gradle\4.1-rc-1\fileHashes)" [_thread_blocked, id=11820, stack(0x00000000333c0000,0x00000000334c0000)]
  0x000000001cac8000 JavaThread "Stdin handler" [_thread_blocked, id=14132, stack(0x00000000332c0000,0x00000000333c0000)]
  0x000000001cac2800 JavaThread "Asynchronous log dispatcher for DefaultDaemonConnection: socket connection from /127.0.0.1:56607 to /127.0.0.1:56759" [_thread_blocked, id=14528, stack(0x00000000331c0000,0x00000000332c0000)]
  0x000000001cac6800 JavaThread "Daemon worker Thread 2" [_thread_in_native, id=15664, stack(0x00000000330c0000,0x00000000331c0000)]
  0x000000001a67d000 JavaThread "Cancel handler" [_thread_blocked, id=2420, stack(0x0000000032fc0000,0x00000000330c0000)]
  0x000000001a67e800 JavaThread "Handler for socket connection from /127.0.0.1:56607 to /127.0.0.1:56759" [_thread_in_native, id=13152, stack(0x0000000032ec0000,0x0000000032fc0000)]
  0x000000001a67b800 JavaThread "Daemon Thread 2" [_thread_blocked, id=9408, stack(0x0000000032dc0000,0x0000000032ec0000)]
  0x000000001a67d800 JavaThread "ForkJoinPool.commonPool-worker-3" daemon [_thread_blocked, id=10520, stack(0x0000000032cc0000,0x0000000032dc0000)]
  0x000000001a2e0800 JavaThread "Tasks limiter_4" daemon [_thread_blocked, id=14636, stack(0x0000000029820000,0x0000000029920000)]
  0x000000001a2e1800 JavaThread "Tasks limiter_3" daemon [_thread_blocked, id=13240, stack(0x0000000029720000,0x0000000029820000)]
  0x000000001a2df000 JavaThread "Tasks limiter_2" daemon [_thread_blocked, id=15416, stack(0x0000000029620000,0x0000000029720000)]
  0x000000001a2d7800 JavaThread "Tasks limiter_1" daemon [_thread_blocked, id=14008, stack(0x0000000029520000,0x0000000029620000)]
  0x000000001cac4000 JavaThread "Java2D Disposer" daemon [_thread_blocked, id=15008, stack(0x0000000026390000,0x0000000026490000)]
  0x000000001a2da800 JavaThread "Memory manager" [_thread_blocked, id=14484, stack(0x0000000020c10000,0x0000000020d10000)]
  0x000000001a2d8800 JavaThread "pool-1-thread-1" [_thread_blocked, id=12084, stack(0x0000000020730000,0x0000000020830000)]
  0x000000001a67c000 JavaThread "File lock request listener" [_thread_in_native, id=14512, stack(0x000000001b9d0000,0x000000001bad0000)]
  0x000000001a483800 JavaThread "Cache worker for file hash cache (C:\Users\Administrator\.gradle\caches\4.1-rc-1\fileHashes)" [_thread_blocked, id=15928, stack(0x000000001b8d0000,0x000000001b9d0000)]
  0x000000001a08c000 JavaThread "Daemon periodic checks" [_thread_blocked, id=12676, stack(0x000000001afd0000,0x000000001b0d0000)]
  0x0000000019ca4000 JavaThread "Incoming local TCP Connector on port 56607" [_thread_in_native, id=15244, stack(0x000000001ae30000,0x000000001af30000)]
  0x000000001a1de000 JavaThread "Daemon health stats" [_thread_blocked, id=3224, stack(0x000000001ab30000,0x000000001ac30000)]
  0x00000000188d4000 JavaThread "Service Thread" daemon [_thread_blocked, id=16188, stack(0x0000000019160000,0x0000000019260000)]
  0x000000001744d800 JavaThread "C1 CompilerThread2" daemon [_thread_in_vm, id=10600, stack(0x0000000019060000,0x0000000019160000)]
=>0x0000000017430000 JavaThread "C2 CompilerThread1" daemon [_thread_in_native, id=15448, stack(0x0000000018f60000,0x0000000019060000)]
  0x00000000188a3800 JavaThread "C2 CompilerThread0" daemon [_thread_blocked, id=15312, stack(0x0000000018e60000,0x0000000018f60000)]
  0x0000000017420800 JavaThread "Attach Listener" daemon [_thread_blocked, id=15376, stack(0x0000000018d60000,0x0000000018e60000)]
  0x0000000017408800 JavaThread "Signal Dispatcher" daemon [_thread_blocked, id=15052, stack(0x0000000018c60000,0x0000000018d60000)]
  0x00000000027e6000 JavaThread "Finalizer" daemon [_thread_blocked, id=8552, stack(0x0000000018660000,0x0000000018760000)]
  0x00000000027dd800 JavaThread "Reference Handler" daemon [_thread_blocked, id=11240, stack(0x0000000018560000,0x0000000018660000)]
  0x000000000224e000 JavaThread "main" [_thread_blocked, id=14160, stack(0x00000000025f0000,0x00000000026f0000)]

Other Threads:
  0x00000000173d5800 VMThread [stack: 0x0000000018460000,0x0000000018560000] [id=13456]
  0x00000000188d7000 WatcherThread [stack: 0x0000000019260000,0x0000000019360000] [id=9196]

VM state:not at safepoint (normal execution)

VM Mutex/Monitor currently owned by a thread:  ([mutex/lock_event])
[0x000000000224cc90] CompiledIC_lock - owner thread: 0x000000001744d800

Heap:
 PSYoungGen      total 480768K, used 232601K [0x00000000d5580000, 0x00000000f8b00000, 0x0000000100000000)
  eden space 390656K, 49% used [0x00000000d5580000,0x00000000e13800c0,0x00000000ed300000)
  from space 90112K, 42% used [0x00000000f2980000,0x00000000f4ea6630,0x00000000f8180000)
  to   space 88576K, 0% used [0x00000000ed300000,0x00000000ed300000,0x00000000f2980000)
 ParOldGen       total 261632K, used 213828K [0x0000000080000000, 0x000000008ff80000, 0x00000000d5580000)
  object space 261632K, 81% used [0x0000000080000000,0x000000008d0d1088,0x000000008ff80000)
 Metaspace       used 94769K, capacity 99382K, committed 99672K, reserved 1136640K
  class space    used 11972K, capacity 12861K, committed 12928K, reserved 1048576K

Card table byte_map: [0x0000000011bb0000,0x0000000011fc0000] byte_map_base: 0x00000000117b0000

Marking Bits: (ParMarkBitMap*) 0x00000000665cd4f0
 Begin Bits: [0x0000000012670000, 0x0000000014670000)
 End Bits:   [0x0000000014670000, 0x0000000016670000)

Polling page: 0x0000000000660000

CodeCache: size=245760Kb used=68921Kb max_used=70361Kb free=176838Kb
 bounds [0x00000000027f0000, 0x0000000006d70000, 0x00000000117f0000]
 total_blobs=21634 nmethods=20713 adapters=832
 compilation: enabled

Compilation events (10 events):
Event: 360.731 Thread 0x0000000017430000 nmethod 29048 0x0000000006139d10 code [0x0000000006139ee0, 0x000000000613ad10]
Event: 360.742 Thread 0x000000001744d800 29050       1       org.gradle.internal.resource.UriTextResource::access$100 (5 bytes)
Event: 360.743 Thread 0x000000001744d800 nmethod 29050 0x0000000002ba6250 code [0x0000000002ba63a0, 0x0000000002ba6490]
Event: 360.746 Thread 0x0000000017430000 29051       4       org.gradle.internal.service.DefaultServiceRegistry$CachingProvider::getService (52 bytes)
Event: 360.756 Thread 0x0000000017430000 nmethod 29051 0x0000000003332cd0 code [0x0000000003332ea0, 0x00000000033334c8]
Event: 360.760 Thread 0x0000000017430000 29052       4       org.gradle.internal.service.DefaultServiceRegistry$OwnServices::addServiceType (69 bytes)
Event: 360.773 Thread 0x00000000188a3800 nmethod 29049 0x000000000495f090 code [0x000000000495f320, 0x00000000049608c0]
Event: 360.781 Thread 0x000000001744d800 29053       1       org.gradle.model.internal.method.WeaklyTypeReferencingMethod::getReturnType (5 bytes)
Event: 360.781 Thread 0x000000001744d800 nmethod 29053 0x0000000003a57b10 code [0x0000000003a57c60, 0x0000000003a57d70]
Event: 360.787 Thread 0x00000000188a3800 29054       4       sun.reflect.misc.ReflectUtil::isNonPublicProxyClass (51 bytes)

GC Heap History (10 events):
Event: 167.145 GC heap before
{Heap before GC invocations=57 (full 15):
 PSYoungGen      total 463360K, used 412030K [0x00000000d5580000, 0x00000000f7a00000, 0x0000000100000000)
  eden space 369664K, 100% used [0x00000000d5580000,0x00000000ebe80000,0x00000000ebe80000)
  from space 93696K, 45% used [0x00000000ebe80000,0x00000000ee7df878,0x00000000f1a00000)
  to   space 91136K, 0% used [0x00000000f2100000,0x00000000f2100000,0x00000000f7a00000)
 ParOldGen       total 261632K, used 198427K [0x0000000080000000, 0x000000008ff80000, 0x00000000d5580000)
  object space 261632K, 75% used [0x0000000080000000,0x000000008c1c6ff0,0x000000008ff80000)
 Metaspace       used 92708K, capacity 96954K, committed 97240K, reserved 1134592K
  class space    used 11632K, capacity 12455K, committed 12544K, reserved 1048576K
Event: 167.226 GC heap after
Heap after GC invocations=57 (full 15):
 PSYoungGen      total 462848K, used 81638K [0x00000000d5580000, 0x00000000f8900000, 0x0000000100000000)
  eden space 371712K, 0% used [0x00000000d5580000,0x00000000d5580000,0x00000000ec080000)
  from space 91136K, 89% used [0x00000000f2100000,0x00000000f70b9ad8,0x00000000f7a00000)
  to   space 98816K, 0% used [0x00000000ec080000,0x00000000ec080000,0x00000000f2100000)
 ParOldGen       total 261632K, used 202388K [0x0000000080000000, 0x000000008ff80000, 0x00000000d5580000)
  object space 261632K, 77% used [0x0000000080000000,0x000000008c5a5028,0x000000008ff80000)
 Metaspace       used 92708K, capacity 96954K, committed 97240K, reserved 1134592K
  class space    used 11632K, capacity 12455K, committed 12544K, reserved 1048576K
}
Event: 168.412 GC heap before
{Heap before GC invocations=58 (full 15):
 PSYoungGen      total 462848K, used 453350K [0x00000000d5580000, 0x00000000f8900000, 0x0000000100000000)
  eden space 371712K, 100% used [0x00000000d5580000,0x00000000ec080000,0x00000000ec080000)
  from space 91136K, 89% used [0x00000000f2100000,0x00000000f70b9ad8,0x00000000f7a00000)
  to   space 98816K, 0% used [0x00000000ec080000,0x00000000ec080000,0x00000000f2100000)
 ParOldGen       total 261632K, used 202388K [0x0000000080000000, 0x000000008ff80000, 0x00000000d5580000)
  object space 261632K, 77% used [0x0000000080000000,0x000000008c5a5028,0x000000008ff80000)
 Metaspace       used 92722K, capacity 97018K, committed 97240K, reserved 1134592K
  class space    used 11632K, capacity 12455K, committed 12544K, reserved 1048576K
Event: 168.486 GC heap after
Heap after GC invocations=58 (full 15):
 PSYoungGen      total 470528K, used 56303K [0x00000000d5580000, 0x00000000f8400000, 0x0000000100000000)
  eden space 371712K, 0% used [0x00000000d5580000,0x00000000d5580000,0x00000000ec080000)
  from space 98816K, 56% used [0x00000000ec080000,0x00000000ef77bd58,0x00000000f2100000)
  to   space 95232K, 0% used [0x00000000f2700000,0x00000000f2700000,0x00000000f8400000)
 ParOldGen       total 261632K, used 205484K [0x0000000080000000, 0x000000008ff80000, 0x00000000d5580000)
  object space 261632K, 78% used [0x0000000080000000,0x000000008c8ab068,0x000000008ff80000)
 Metaspace       used 92722K, capacity 97018K, committed 97240K, reserved 1134592K
  class space    used 11632K, capacity 12455K, committed 12544K, reserved 1048576K
}
Event: 171.079 GC heap before
{Heap before GC invocations=59 (full 15):
 PSYoungGen      total 470528K, used 428015K [0x00000000d5580000, 0x00000000f8400000, 0x0000000100000000)
  eden space 371712K, 100% used [0x00000000d5580000,0x00000000ec080000,0x00000000ec080000)
  from space 98816K, 56% used [0x00000000ec080000,0x00000000ef77bd58,0x00000000f2100000)
  to   space 95232K, 0% used [0x00000000f2700000,0x00000000f2700000,0x00000000f8400000)
 ParOldGen       total 261632K, used 205484K [0x0000000080000000, 0x000000008ff80000, 0x00000000d5580000)
  object space 261632K, 78% used [0x0000000080000000,0x000000008c8ab068,0x000000008ff80000)
 Metaspace       used 93038K, capacity 97368K, committed 97496K, reserved 1134592K
  class space    used 11674K, capacity 12500K, committed 12544K, reserved 1048576K
Event: 171.150 GC heap after
Heap after GC invocations=59 (full 15):
 PSYoungGen      total 472576K, used 35794K [0x00000000d5580000, 0x00000000f8100000, 0x0000000100000000)
  eden space 380416K, 0% used [0x00000000d5580000,0x00000000d5580000,0x00000000ec900000)
  from space 92160K, 38% used [0x00000000f2700000,0x00000000f49f4880,0x00000000f8100000)
  to   space 94208K, 0% used [0x00000000ec900000,0x00000000ec900000,0x00000000f2500000)
 ParOldGen       total 261632K, used 208468K [0x0000000080000000, 0x000000008ff80000, 0x00000000d5580000)
  object space 261632K, 79% used [0x0000000080000000,0x000000008cb95088,0x000000008ff80000)
 Metaspace       used 93038K, capacity 97368K, committed 97496K, reserved 1134592K
  class space    used 11674K, capacity 12500K, committed 12544K, reserved 1048576K
}
Event: 172.280 GC heap before
{Heap before GC invocations=60 (full 15):
 PSYoungGen      total 472576K, used 415365K [0x00000000d5580000, 0x00000000f8100000, 0x0000000100000000)
  eden space 380416K, 99% used [0x00000000d5580000,0x00000000ec82cea8,0x00000000ec900000)
  from space 92160K, 38% used [0x00000000f2700000,0x00000000f49f4880,0x00000000f8100000)
  to   space 94208K, 0% used [0x00000000ec900000,0x00000000ec900000,0x00000000f2500000)
 ParOldGen       total 261632K, used 208468K [0x0000000080000000, 0x000000008ff80000, 0x00000000d5580000)
  object space 261632K, 79% used [0x0000000080000000,0x000000008cb95088,0x000000008ff80000)
 Metaspace       used 93747K, capacity 98246K, committed 98392K, reserved 1134592K
  class space    used 11786K, capacity 12641K, committed 12672K, reserved 1048576K
Event: 172.330 GC heap after
Heap after GC invocations=60 (full 15):
 PSYoungGen      total 474624K, used 51580K [0x00000000d5580000, 0x00000000f8180000, 0x0000000100000000)
  eden space 380416K, 0% used [0x00000000d5580000,0x00000000d5580000,0x00000000ec900000)
  from space 94208K, 54% used [0x00000000ec900000,0x00000000efb5f078,0x00000000f2500000)
  to   space 90112K, 0% used [0x00000000f2980000,0x00000000f2980000,0x00000000f8180000)
 ParOldGen       total 261632K, used 211044K [0x0000000080000000, 0x000000008ff80000, 0x00000000d5580000)
  object space 261632K, 80% used [0x0000000080000000,0x000000008ce19088,0x000000008ff80000)
 Metaspace       used 93747K, capacity 98246K, committed 98392K, reserved 1134592K
  class space    used 11786K, capacity 12641K, committed 12672K, reserved 1048576K
}
Event: 172.381 GC heap before
{Heap before GC invocations=61 (full 15):
 PSYoungGen      total 474624K, used 431067K [0x00000000d5580000, 0x00000000f8180000, 0x0000000100000000)
  eden space 380416K, 99% used [0x00000000d5580000,0x00000000ec817e30,0x00000000ec900000)
  from space 94208K, 54% used [0x00000000ec900000,0x00000000efb5f078,0x00000000f2500000)
  to   space 90112K, 0% used [0x00000000f2980000,0x00000000f2980000,0x00000000f8180000)
 ParOldGen       total 261632K, used 211044K [0x0000000080000000, 0x000000008ff80000, 0x00000000d5580000)
  object space 261632K, 80% used [0x0000000080000000,0x000000008ce19088,0x000000008ff80000)
 Metaspace       used 93754K, capacity 98246K, committed 98392K, reserved 1134592K
  class space    used 11786K, capacity 12641K, committed 12672K, reserved 1048576K
Event: 172.422 GC heap after
Heap after GC invocations=61 (full 15):
 PSYoungGen      total 480768K, used 38041K [0x00000000d5580000, 0x00000000f8b00000, 0x0000000100000000)
  eden space 390656K, 0% used [0x00000000d5580000,0x00000000d5580000,0x00000000ed300000)
  from space 90112K, 42% used [0x00000000f2980000,0x00000000f4ea6630,0x00000000f8180000)
  to   space 88576K, 0% used [0x00000000ed300000,0x00000000ed300000,0x00000000f2980000)
 ParOldGen       total 261632K, used 213828K [0x0000000080000000, 0x000000008ff80000, 0x00000000d5580000)
  object space 261632K, 81% used [0x0000000080000000,0x000000008d0d1088,0x000000008ff80000)
 Metaspace       used 93754K, capacity 98246K, committed 98392K, reserved 1134592K
  class space    used 11786K, capacity 12641K, committed 12672K, reserved 1048576K
}

Deoptimization events (10 events):
Event: 173.295 Thread 0x000000001cac6800 Uncommon trap: reason=class_check action=maybe_recompile pc=0x0000000004c8e164 method=sun.nio.ch.IOUtil.readIntoNativeBuffer(Ljava/io/FileDescriptor;Ljava/nio/ByteBuffer;JLsun/nio/ch/NativeDispatcher;)I @ 114
Event: 360.593 Thread 0x0000000019ca4000 Uncommon trap: reason=class_check action=maybe_recompile pc=0x00000000052b6b0c method=sun.nio.ch.IOUtil.readIntoNativeBuffer(Ljava/io/FileDescriptor;Ljava/nio/ByteBuffer;JLsun/nio/ch/NativeDispatcher;)I @ 114
Event: 360.627 Thread 0x000000001a67e800 Uncommon trap: reason=class_check action=maybe_recompile pc=0x00000000052b6aa0 method=sun.nio.ch.IOUtil.read(Ljava/io/FileDescriptor;Ljava/nio/ByteBuffer;JLsun/nio/ch/NativeDispatcher;)I @ 1
Event: 360.627 Thread 0x000000001a67e800 Uncommon trap: reason=class_check action=maybe_recompile pc=0x0000000004c8e164 method=sun.nio.ch.IOUtil.readIntoNativeBuffer(Ljava/io/FileDescriptor;Ljava/nio/ByteBuffer;JLsun/nio/ch/NativeDispatcher;)I @ 114
Event: 360.629 Thread 0x000000001a67e800 Uncommon trap: reason=class_check action=maybe_recompile pc=0x00000000052b6aa0 method=sun.nio.ch.IOUtil.read(Ljava/io/FileDescriptor;Ljava/nio/ByteBuffer;JLsun/nio/ch/NativeDispatcher;)I @ 1
Event: 360.662 Thread 0x000000001cac6800 Uncommon trap: reason=unreached action=reinterpret pc=0x0000000005afd2f8 method=java.net.URI.equal(Ljava/lang/String;Ljava/lang/String;)Z @ 2
Event: 360.673 Thread 0x000000001cac6800 Uncommon trap: reason=array_check action=maybe_recompile pc=0x000000000476baec method=com.google.common.collect.ImmutableSet.construct(I[Ljava/lang/Object;)Lcom/google/common/collect/ImmutableSet; @ 122
Event: 360.674 Thread 0x000000001cac6800 Uncommon trap: reason=array_check action=maybe_recompile pc=0x000000000476baec method=com.google.common.collect.ImmutableSet.construct(I[Ljava/lang/Object;)Lcom/google/common/collect/ImmutableSet; @ 122
Event: 360.675 Thread 0x000000001cac6800 Uncommon trap: reason=array_check action=maybe_recompile pc=0x000000000476baec method=com.google.common.collect.ImmutableSet.construct(I[Ljava/lang/Object;)Lcom/google/common/collect/ImmutableSet; @ 122
Event: 360.680 Thread 0x000000001cac6800 Uncommon trap: reason=array_check action=maybe_recompile pc=0x000000000476baec method=com.google.common.collect.ImmutableSet.construct(I[Ljava/lang/Object;)Lcom/google/common/collect/ImmutableSet; @ 122

Internal exceptions (10 events):
Event: 360.725 Thread 0x000000001cac6800 Exception <a 'java/security/PrivilegedActionException'> (0x00000000e0dd5378) thrown at [C:\workspace\8-2-build-windows-amd64-cygwin\jdk8u31\2394\hotspot\src\share\vm\prims\jvm.cpp, line 1312]
Event: 360.725 Thread 0x000000001cac6800 Exception <a 'java/lang/ClassNotFoundException': sync_local_repo4900_4ukhq3fj0kex90az4hza1xnr2BeanInfo> (0x00000000e0dd5a78) thrown at [C:\workspace\8-2-build-windows-amd64-cygwin\jdk8u31\2394\hotspot\src\share\vm\classfile\systemDictionary.cpp, line 202]
Event: 360.725 Thread 0x000000001cac6800 Exception <a 'java/security/PrivilegedActionException'> (0x00000000e0dd8110) thrown at [C:\workspace\8-2-build-windows-amd64-cygwin\jdk8u31\2394\hotspot\src\share\vm\prims\jvm.cpp, line 1312]
Event: 360.726 Thread 0x000000001cac6800 Exception <a 'java/security/PrivilegedActionException'> (0x00000000e0dd9110) thrown at [C:\workspace\8-2-build-windows-amd64-cygwin\jdk8u31\2394\hotspot\src\share\vm\prims\jvm.cpp, line 1312]
Event: 360.726 Thread 0x000000001cac6800 Exception <a 'java/security/PrivilegedActionException'> (0x00000000e0dda1f0) thrown at [C:\workspace\8-2-build-windows-amd64-cygwin\jdk8u31\2394\hotspot\src\share\vm\prims\jvm.cpp, line 1312]
Event: 360.726 Thread 0x000000001cac6800 Exception <a 'java/security/PrivilegedActionException'> (0x00000000e0de0fd0) thrown at [C:\workspace\8-2-build-windows-amd64-cygwin\jdk8u31\2394\hotspot\src\share\vm\prims\jvm.cpp, line 1312]
Event: 360.726 Thread 0x000000001cac6800 Exception <a 'java/lang/ClassNotFoundException': sync_local_repo4900_4ukhq3fj0kex90az4hza1xnr2Customizer> (0x00000000e0de16d0) thrown at [C:\workspace\8-2-build-windows-amd64-cygwin\jdk8u31\2394\hotspot\src\share\vm\classfile\systemDictionary.cpp, line 202º½KÑ‹v@
Event: 360.739 Thread 0x000000001cac6800 Exception <a 'java/security/PrivilegedActionException'> (0x00000000e0df8210) thrown at [C:\workspace\8-2-build-windows-amd64-cygwin\jdk8u31\2394\hotspot\src\share\vm\prims\jvm.cpp, line 1312]
Event: 360.739 Thread 0x000000001cac6800 Exception <a 'java/security/PrivilegedActionException'> (0x00000000e0df95f0) thrown at [C:\workspace\8-2-build-windows-amd64-cygwin\jdk8u31\2394\hotspot\src\share\vm\prims\jvm.cpp, line 1312]
Event: 360.739 Thread 0x000000001cac6800 Exception <a 'java/security/PrivilegedActionException'> (0x00000000e0e039e8) thrown at [C:\workspace\8-2-build-windows-amd64-cygwin\jdk8u31\2394\hotspot\src\share\vm\prims\jvm.cpp, line 1312]

Events (10 events):
Event: 360.734 Thread 0x0000000017430000 flushing nmethod 0x0000000003588950
Event: 360.738 loading class groovy/runtime/metaclass/sync_local_repo4900_4ukhq3fj0kex90az4hza1xnr2$_run_closure1MetaClass
Event: 360.738 loading class groovy/runtime/metaclass/sync_local_repo4900_4ukhq3fj0kex90az4hza1xnr2$_run_closure1MetaClass done
Event: 360.743 Thread 0x000000001744d800 flushing nmethod 0x0000000003613a90
Event: 360.756 Thread 0x0000000017430000 flushing nmethod 0x00000000038bf310
Event: 360.756 Thread 0x0000000017430000 flushing nmethod 0x00000000038c1750
Event: 360.758 Thread 0x0000000017430000 flushing nmethod 0x0000000003a14f50
Event: 360.758 Thread 0x0000000017430000 flushing nmethod 0x0000000003a57b10
Event: 360.774 Thread 0x00000000188a3800 flushing nmethod 0x0000000003bf2b50
Event: 360.783 Thread 0x000000001744d800 flushing nmethod 0x0000000003f8a210


Dynamic libraries:
0x00007ff684dd0000 - 0x00007ff684e04000 	D:\jdk1.8\bin\java.exe
0x00007ffa6db20000 - 0x00007ffa6dcf1000 	C:\Windows\SYSTEM32\ntdll.dll
0x00007ffa6d1c0000 - 0x00007ffa6d26b000 	C:\Windows\System32\KERNEL32.DLL
0x00007ffa6a230000 - 0x00007ffa6a44d000 	C:\Windows\System32\KERNELBASE.dll
0x00007ffa6d100000 - 0x00007ffa6d1a2000 	C:\Windows\System32\ADVAPI32.dll
0x00007ffa6c820000 - 0x00007ffa6c8be000 	C:\Windows\System32\msvcrt.dll
0x00007ffa6dac0000 - 0x00007ffa6db19000 	C:\Windows\System32\sechost.dll
0x00007ffa6c8c0000 - 0x00007ffa6c9e1000 	C:\Windows\System32\RPCRT4.dll
0x00007ffa6d660000 - 0x00007ffa6d7c5000 	C:\Windows\System32\USER32.dll
0x00007ffa6ae30000 - 0x00007ffa6ae4e000 	C:\Windows\System32\win32u.dll
0x00007ffa6d7d0000 - 0x00007ffa6d804000 	C:\Windows\System32\GDI32.dll
0x00007ffa6a0a0000 - 0x00007ffa6a222000 	C:\Windows\System32\gdi32full.dll
0x00007ffa644d0000 - 0x00007ffa64749000 	C:\Windows\WinSxS\amd64_microsoft.windows.common-controls_6595b64144ccf1df_6.0.14393.447_none_42191651c6827bb3\COMCTL32.dll
0x00007ffa6c9f0000 - 0x00007ffa6ccb8000 	C:\Windows\System32\combase.dll
0x00007ffa69ec0000 - 0x00007ffa69fb5000 	C:\Windows\System32\ucrtbase.dll
0x00007ffa6a450000 - 0x00007ffa6a4ba000 	C:\Windows\System32\bcryptPrimitives.dll
0x00007ffa6d890000 - 0x00007ffa6d8be000 	C:\Windows\System32\IMM32.DLL
0x00007ffa69c50000 - 0x00007ffa69c81000 	C:\Windows\system32\nvinitx.dll
0x00007ffa69c40000 - 0x00007ffa69c4a000 	C:\Windows\SYSTEM32\VERSION.dll
0x0000000068690000 - 0x0000000068696000 	C:\Program Files\NVIDIA Corporation\CoProcManager\_etoured.dll
0x00007ffa672f0000 - 0x00007ffa67323000 	C:\Program Files\NVIDIA Corporation\CoProcManager\nvd3d9wrapx.dll
0x00007ffa6ccd0000 - 0x00007ffa6d0f9000 	C:\Windows\System32\SETUPAPI.dll
0x00007ffa6ac10000 - 0x00007ffa6ac52000 	C:\Windows\System32\cfgmgr32.dll
0x00007ffa671e0000 - 0x00007ffa67202000 	C:\Program Files\NVIDIA Corporation\CoProcManager\nvdxgiwrapx.dll
0x00000000674b0000 - 0x0000000067582000 	D:\jdk1.8\jre\bin\msvcr100.dll
0x0000000065df0000 - 0x000000006664a000 	D:\jdk1.8\jre\bin\server\jvm.dll
0x00007ffa69fc0000 - 0x00007ffa69fe3000 	C:\Windows\System32\WINMM.dll
0x00007ffa69d50000 - 0x00007ffa69d7b000 	C:\Windows\System32\WINMMBASE.dll
0x00007ffa6d1b0000 - 0x00007ffa6d1b8000 	C:\Windows\System32\PSAPI.DLL
0x00007ffa5fdf0000 - 0x00007ffa5fdf9000 	C:\Windows\SYSTEM32\WSOCK32.dll
0x00007ffa6d820000 - 0x00007ffa6d88a000 	C:\Windows\System32\WS2_32.dll
0x00000000674a0000 - 0x00000000674af000 	D:\jdk1.8\jre\bin\verify.dll
0x0000000067470000 - 0x0000000067498000 	D:\jdk1.8\jre\bin\java.dll
0x0000000067450000 - 0x0000000067466000 	D:\jdk1.8\jre\bin\zip.dll
0x00007ffa6aef0000 - 0x00007ffa6c3f9000 	C:\Windows\System32\SHELL32.dll
0x00007ffa6a520000 - 0x00007ffa6abfa000 	C:\Windows\System32\windows.storage.dll
0x00007ffa69e70000 - 0x00007ffa69ebc000 	C:\Windows\System32\powrprof.dll
0x00007ffa6c640000 - 0x00007ffa6c692000 	C:\Windows\System32\shlwapi.dll
0x00007ffa69db0000 - 0x00007ffa69dbf000 	C:\Windows\System32\kernel.appcore.dll
0x00007ffa69dc0000 - 0x00007ffa69e69000 	C:\Windows\System32\shcore.dll
0x00007ffa69d80000 - 0x00007ffa69d94000 	C:\Windows\System32\profapi.dll
0x0000000067430000 - 0x000000006744a000 	D:\jdk1.8\jre\bin\net.dll
0x00007ffa695d0000 - 0x00007ffa6962c000 	C:\Windows\system32\mswsock.dll
0x0000000067410000 - 0x0000000067421000 	D:\jdk1.8\jre\bin\nio.dll
0x00007ffa682e0000 - 0x00007ffa682fe000 	C:\Users\Administrator\.gradle\native\25\windows-amd64\native-platform.dll
0x0000000067400000 - 0x000000006740d000 	D:\jdk1.8\jre\bin\management.dll
0x00007ffa69780000 - 0x00007ffa69797000 	C:\Windows\SYSTEM32\CRYPTSP.dll
0x00007ffa691e0000 - 0x00007ffa69213000 	C:\Windows\system32\rsaenh.dll
0x00007ffa69c90000 - 0x00007ffa69cbb000 	C:\Windows\SYSTEM32\bcrypt.dll
0x00007ffa69450000 - 0x00007ffa6946f000 	C:\Windows\SYSTEM32\USERENV.dll
0x00007ffa69770000 - 0x00007ffa6977b000 	C:\Windows\SYSTEM32\CRYPTBASE.dll
0x00007ffa69360000 - 0x00007ffa69398000 	C:\Windows\SYSTEM32\IPHLPAPI.DLL
0x00007ffa6ccc0000 - 0x00007ffa6ccc8000 	C:\Windows\System32\NSI.dll
0x00007ffa63620000 - 0x00007ffa63636000 	C:\Windows\SYSTEM32\dhcpcsvc6.DLL
0x00007ffa63600000 - 0x00007ffa6361a000 	C:\Windows\SYSTEM32\dhcpcsvc.DLL
0x00007ffa690b0000 - 0x00007ffa690e2000 	C:\Windows\SYSTEM32\ntmarta.dll
0x0000000064940000 - 0x00000000649c7000 	C:\Users\Administrator\AppData\Local\Temp\aapt2_1948778590732662847\libwinpthread-1.dll
0x000000006d040000 - 0x0000000070c3e000 	C:\Users\Administrator\AppData\Local\Temp\aapt2_1948778590732662847\libaapt2_jni.dll
0x0000000067260000 - 0x00000000673f8000 	D:\jdk1.8\jre\bin\awt.dll
0x00007ffa6d310000 - 0x00007ffa6d3cf000 	C:\Windows\System32\OLEAUT32.dll
0x00007ffa6ae50000 - 0x00007ffa6aeec000 	C:\Windows\System32\msvcp_win.dll
0x00007ffa68190000 - 0x00007ffa6820a000 	C:\Windows\SYSTEM32\apphelp.dll
0x00007ffa68100000 - 0x00007ffa68126000 	C:\Windows\system32\DWMAPI.DLL
0x00007ffa68490000 - 0x00007ffa68525000 	C:\Windows\system32\uxtheme.dll
0x0000000067230000 - 0x000000006725a000 	D:\jdk1.8\jre\bin\dcpr.dll
0x00007ffa477b0000 - 0x00007ffa47942000 	C:\Windows\SYSTEM32\dbghelp.dll

VM Arguments:
jvm_args: -XX:MaxPermSize=512m -XX:+HeapDumpOnOutOfMemoryError -Xmx2048m -Dfile.encoding=UTF-8 -Duser.country=CN -Duser.language=zh -Duser.variant 
java_command: org.gradle.launcher.daemon.bootstrap.GradleDaemon 4.1-rc-1
java_class_path (initial): C:\Users\Administrator\.gradle\wrapper\dists\gradle-4.1-rc-1-all\936kh1brdchce6fvd2c1o8t8x\gradle-4.1-rc-1\lib\gradle-launcher-4.1.jar
Launcher Type: SUN_STANDARD

Environment Variables:
JAVA_HOME=D:\jdk1.8
CLASSPATH=D:\jdk1.8\lib\dt.jar;D:\jdk1.8\lib\tools.jar
PATH=C:\Windows\system32;C:\Windows;C:\Windows\System32\Wbem;C:\Windows\System32\WindowsPowerShell\v1.0\;D:\jdk1.8\bin;D:\jdk1.8\jre\bin;C:\Program Files (x86)\Microsoft SQL Server\100\Tools\Binn\;C:\Program Files\Microsoft SQL Server\100\Tools\Binn\;C:\Program Files\Microsoft SQL Server\100\DTS\Binn\;D:\Studio\AndroidSdk\ndk-bundle;D:\Studio\AndroidSdk\tools;D:\Studio\AndroidSdk\platform-tools;D:\Git\cmd;D:\Git\bin;I:\phpstudy\WWW\phalcon-devtools-master;I:\phpstudy\php\php-5.6.27-nts;D:\Visual_C++\Tools\WinNT;D:\Visual_C++\MSDev98\Bin;D:\Visual_C++\Tools;D:\VC98\bin;C:\Users\Administrator\AppData\Local\Microsoft\WindowsApps;C:\Users\Administrator\AppData\Local\Programs\Fiddler
USERNAME=shenyu_zxjCode
OS=Windows_NT
PROCESSOR_IDENTIFIER=Intel64 Family 6 Model 58 Stepping 9, GenuineIntel



---------------  S Y S T E M  ---------------

OS: Windows 8.1 , 64 bit Build 9600 

CPU:total 4 (2 cores per cpu, 2 threads per core) family 6 model 58 stepping 9, cmov, cx8, fxsr, mmx, sse, sse2, sse3, ssse3, sse4.1, sse4.2, popcnt, avx, aes, clmul, erms, ht, tsc, tscinvbit, tscinv

Memory: 4k page, physical 12465920k(2852300k free), swap 12465920k(5604k free)

vm_info: Java HotSpot(TM) 64-Bit Server VM (25.31-b07) for windows-amd64 JRE (1.8.0_31-b13), built on Dec 17 2014 21:00:28 by "java_re" with MS VC++ 10.0 (VS2010)

time: Thu Dec 28 16:35:52 2017
elapsed time: 360 seconds (0d 0h 6m 0s)

