#
# A fatal error has been detected by the Java Runtime Environment:
#
#  Internal Error (0x20474343), pid=3912, tid=9628
#
# JRE version: Java(TM) SE Runtime Environment (8.0_31-b13) (build 1.8.0_31-b13)
# Java VM: Java HotSpot(TM) 64-Bit Server VM (25.31-b07 mixed mode windows-amd64 compressed oops)
# Problematic frame:
# C  [KERNELBASE.dll+0x17788]
#
# Failed to write core dump. Minidumps are not enabled by default on client versions of Windows
#
# If you would like to submit a bug report, please visit:
#   http://bugreport.java.com/bugreport/crash.jsp
# The crash happened outside the Java Virtual Machine in native code.
# See problematic frame for where to report the bug.
#

---------------  T H R E A D  ---------------

Current thread (0x000000001f712000):  JavaThread "ForkJoinPool.commonPool-worker-2" daemon [_thread_in_native, id=9628, stack(0x0000000034940000,0x0000000034a40000)]

siginfo: ExceptionCode=0x20474343, ExceptionInformation=0x0000000024a58600 

Registers:
RAX=0x00007ffcbb639e50, RBX=0x0000000024a58600, RCX=0x0000000000000000, RDX=0x0000000000000500
RSP=0x0000000034a3e550, RBP=0x0000000034a3e9b8, RSI=0x000000006d29c100, RDI=0x0000000024a58640
R8 =0x0000000034a3e120, R9 =0x000000001fd77188, R10=0x0000000000dd0000, R11=0x0000000000000000
R12=0x0000000024aa3210, R13=0x0000000034a3ed90, R14=0x0000000034a3eb70, R15=0x000000006d26c7c0
RIP=0x00007ffcba6b7788, EFLAGS=0x0000000000000202

Top of Stack: (sp=0x0000000034a3e550)
0x0000000034a3e550:   0000000000000001 0000000024a58600
0x0000000034a3e560:   000000006d29c100 0000000024a58640
0x0000000034a3e570:   0000000020474343 0000000000000000
0x0000000034a3e580:   00007ffcba6b7788 00007ffc00000001
0x0000000034a3e590:   0000000024a58600 0000000000000000
0x0000000034a3e5a0:   0000ec5bc4358f6d 000000006d236c70
0x0000000034a3e5b0:   00000000205744e8 000000006d18a298
0x0000000034a3e5c0:   0000000000000008 0000000000000000
0x0000000034a3e5d0:   0000000034a3ed90 0000000024aa3210
0x0000000034a3e5e0:   0000000000000010 00000000205b7770
0x0000000034a3e5f0:   000000006d29c100 000000006d236c70
0x0000000034a3e600:   0000000034a3e9b8 0000000024aa3210
0x0000000034a3e610:   000072f4c4a339c0 0000000034a3eb70
0x0000000034a3e620:   000000006d26c7c0 000000006d195ffd
0x0000000034a3e630:   0000000000000000 000000006d29c100
0x0000000034a3e640:   00000000007e9000 0000000024aa0000 

Instructions: (pc=0x00007ffcba6b7788)
0x00007ffcba6b7768:   49 8b d1 44 0f 47 c0 44 89 44 24 38 49 c1 e0 03
0x00007ffcba6b7778:   e8 07 55 06 00 48 8d 4c 24 20 ff 15 d0 08 13 00
0x00007ffcba6b7788:   48 8b 8c 24 c0 00 00 00 48 33 cc e8 98 1a 06 00
0x00007ffcba6b7798:   48 81 c4 d8 00 00 00 c3 83 64 24 38 00 eb d6 cc 


Register to memory mapping:

RAX=0x00007ffcbb639e50 is an unknown value
RBX=0x0000000024a58600 is an unknown value
RCX=0x0000000000000000 is an unknown value
RDX=0x0000000000000500 is an unknown value
RSP=0x0000000034a3e550 is pointing into the stack for thread: 0x000000001f712000
RBP=0x0000000034a3e9b8 is pointing into the stack for thread: 0x000000001f712000
RSI=0x000000006d29c100 is an unknown value
RDI=0x0000000024a58640 is an unknown value
R8 =0x0000000034a3e120 is pointing into the stack for thread: 0x000000001f712000
R9 =0x000000001fd77188 is an unknown value
R10=0x0000000000dd0000 is an unknown value
R11=0x0000000000000000 is an unknown value
R12=0x0000000024aa3210 is an unknown value
R13=0x0000000034a3ed90 is pointing into the stack for thread: 0x000000001f712000
R14=0x0000000034a3eb70 is pointing into the stack for thread: 0x000000001f712000
R15=0x000000006d26c7c0 is an unknown value


Stack: [0x0000000034940000,0x0000000034a40000],  sp=0x0000000034a3e550,  free space=1017k
Native frames: (J=compiled Java code, j=interpreted, Vv=VM code, C=native code)
C  [KERNELBASE.dll+0x17788]
C  [libaapt2_jni.dll+0x155ffd]
C  [libaapt2_jni.dll+0x207e72]
C  [libaapt2_jni.dll+0x20736b]
C  [libaapt2_jni.dll+0x2072d9]
C  [libaapt2_jni.dll+0x6337f]
C  [libaapt2_jni.dll+0x2de9]
C  [libaapt2_jni.dll+0xc328]
C  [libaapt2_jni.dll+0x2838a]
C  0x00000000093ebe64

Java frames: (J=compiled Java code, j=interpreted, Vv=VM code)
J 65115  com.android.tools.aapt2.Aapt2Jni.nativeCompile(Ljava/util/List;Lcom/android/tools/aapt2/Aapt2JniLogCallback;)I (0 bytes) @ 0x00000000093ebde6 [0x00000000093ebd80+0x66]
J 70849 C2 java.util.concurrent.ForkJoinPool.scan(Ljava/util/concurrent/ForkJoinPool$WorkQueue;I)I (317 bytes) @ 0x000000000688324c [0x00000000068827e0+0xa6c]
J 38682 C1 java.util.concurrent.ForkJoinPool.runWorker(Ljava/util/concurrent/ForkJoinPool$WorkQueue;)V (43 bytes) @ 0x00000000085b50e4 [0x00000000085b4f20+0x1c4]
J 33451 C1 java.util.concurrent.ForkJoinWorkerThread.run()V (192 bytes) @ 0x0000000004d3abcc [0x0000000004d3aa20+0x1ac]
v  ~StubRoutines::call_stub

---------------  P R O C E S S  ---------------

Java Threads: ( => current thread )
  0x000000001d05d000 JavaThread "Worker Daemon Execution Thread 6" [_thread_blocked, id=10940, stack(0x000000003a440000,0x000000003a540000)]
  0x000000001d05b800 JavaThread "Worker Daemon Execution Thread 5" [_thread_blocked, id=13152, stack(0x000000003a340000,0x000000003a440000)]
  0x000000001d051000 JavaThread "Worker Daemon Execution Thread 4" [_thread_blocked, id=9864, stack(0x000000003a240000,0x000000003a340000)]
  0x000000001f716000 JavaThread "ForkJoinPool.commonPool-worker-0" daemon [_thread_blocked, id=9468, stack(0x0000000034b40000,0x0000000034c40000)]
  0x000000001f715000 JavaThread "ForkJoinPool.commonPool-worker-3" daemon [_thread_blocked, id=7736, stack(0x0000000034a40000,0x0000000034b40000)]
=>0x000000001f712000 JavaThread "ForkJoinPool.commonPool-worker-2" daemon [_thread_in_native, id=9628, stack(0x0000000034940000,0x0000000034a40000)]
  0x000000001f719000 JavaThread "ForkJoinPool.commonPool-worker-1" daemon [_thread_blocked, id=5436, stack(0x0000000034840000,0x0000000034940000)]
  0x000000001d055800 JavaThread "Cache worker for Java compile cache (E:\AndroidStudioProjects\LaiKaWord\.gradle\4.1-rc-1\javaCompile)" [_thread_blocked, id=6888, stack(0x0000000074140000,0x0000000074240000)]
  0x0000000028b0a000 JavaThread "Task worker for ':' Thread 3" [_thread_blocked, id=6248, stack(0x0000000074040000,0x0000000074140000)]
  0x0000000028b09800 JavaThread "Task worker for ':' Thread 2" [_thread_blocked, id=9808, stack(0x0000000073f40000,0x0000000074040000)]
  0x0000000028aff800 JavaThread "Task worker for ':'" [_thread_in_native, id=14136, stack(0x0000000073e40000,0x0000000073f40000)]
  0x0000000028b03800 JavaThread "Cache worker for task history cache (E:\AndroidStudioProjects\LaiKaWord\.gradle\4.1-rc-1\taskHistory)" [_thread_blocked, id=9380, stack(0x0000000073d40000,0x0000000073e40000)]
  0x0000000028b04000 JavaThread "Cache worker for file content cache (E:\AndroidStudioProjects\LaiKaWord\.gradle\4.1-rc-1\fileContent)" [_thread_blocked, id=6352, stack(0x0000000073c40000,0x0000000073d40000)]
  0x0000000028b05800 JavaThread "build operations Thread 4" [_thread_blocked, id=13356, stack(0x0000000073a40000,0x0000000073b40000)]
  0x0000000028b08800 JavaThread "build operations Thread 3" [_thread_blocked, id=80, stack(0x0000000073940000,0x0000000073a40000)]
  0x0000000028afc000 JavaThread "build operations Thread 2" [_thread_blocked, id=10500, stack(0x0000000073840000,0x0000000073940000)]
  0x0000000028b02800 JavaThread "build operations" [_thread_blocked, id=8068, stack(0x0000000073740000,0x0000000073840000)]
  0x0000000028afe000 JavaThread "Cache worker for Artifact transforms cache (C:\Users\Administrator\.gradle\caches\transforms-1)" [_thread_blocked, id=2472, stack(0x0000000073640000,0x0000000073740000)]
  0x0000000028afb000 JavaThread "Cache worker for file hash cache (E:\AndroidStudioProjects\LaiKaWord\.gradle\4.1-rc-1\fileHashes)" [_thread_blocked, id=2588, stack(0x0000000073540000,0x0000000073640000)]
  0x0000000028b01000 JavaThread "Asynchronous log dispatcher for DefaultDaemonConnection: socket connection from /127.0.0.1:57874 to /127.0.0.1:60827" [_thread_blocked, id=5984, stack(0x0000000073340000,0x0000000073440000)]
  0x0000000028afd800 JavaThread "Cancel handler" [_thread_blocked, id=9580, stack(0x0000000073240000,0x0000000073340000)]
  0x0000000028afc800 JavaThread "Handler for socket connection from /127.0.0.1:57874 to /127.0.0.1:60827" [_thread_in_native, id=12984, stack(0x0000000073140000,0x0000000073240000)]
  0x0000000028b00800 JavaThread "Java2D Disposer" daemon [_thread_blocked, id=11908, stack(0x0000000071f40000,0x0000000072040000)]
  0x000000001d05b000 JavaThread "Daemon worker Thread 10" [_thread_blocked, id=8288, stack(0x000000006c1d0000,0x000000006c2d0000)]
  0x000000001d053800 JavaThread "Daemon Thread 10" [_thread_blocked, id=11496, stack(0x000000006bed0000,0x000000006bfd0000)]
  0x000000001cf43000 JavaThread "Tasks limiter_4" daemon [_thread_blocked, id=9192, stack(0x0000000027670000,0x0000000027770000)]
  0x000000001cf45000 JavaThread "Tasks limiter_3" daemon [_thread_blocked, id=13844, stack(0x0000000027570000,0x0000000027670000)]
  0x000000001cf3b800 JavaThread "Tasks limiter_2" daemon [_thread_blocked, id=11732, stack(0x0000000025be0000,0x0000000025ce0000)]
  0x000000001cf40000 JavaThread "Tasks limiter_1" daemon [_thread_blocked, id=5396, stack(0x0000000025ae0000,0x0000000025be0000)]
  0x000000001cf3f000 JavaThread "Memory manager" [_thread_blocked, id=13720, stack(0x0000000021170000,0x0000000021270000)]
  0x000000001cf39000 JavaThread "pool-1-thread-1" [_thread_blocked, id=13680, stack(0x0000000021070000,0x0000000021170000)]
  0x000000001a5d2000 JavaThread "File lock request listener" [_thread_in_native, id=10956, stack(0x000000001c110000,0x000000001c210000)]
  0x000000001ab8d800 JavaThread "Cache worker for file hash cache (C:\Users\Administrator\.gradle\caches\4.1-rc-1\fileHashes)" [_thread_blocked, id=9464, stack(0x000000001c010000,0x000000001c110000)]
  0x000000001a897000 JavaThread "Daemon periodic checks" [_thread_blocked, id=6556, stack(0x000000001b710000,0x000000001b810000)]
  0x000000001a6c5000 JavaThread "Incoming local TCP Connector on port 57874" [_thread_in_native, id=12728, stack(0x000000001b570000,0x000000001b670000)]
  0x0000000019ff0800 JavaThread "Daemon health stats" [_thread_blocked, id=8248, stack(0x000000001b170000,0x000000001b270000)]
  0x0000000019211000 JavaThread "Service Thread" daemon [_thread_blocked, id=860, stack(0x00000000197a0000,0x00000000198a0000)]
  0x00000000191a5800 JavaThread "C1 CompilerThread2" daemon [_thread_blocked, id=3916, stack(0x00000000196a0000,0x00000000197a0000)]
  0x0000000017bad000 JavaThread "C2 CompilerThread1" daemon [_thread_blocked, id=12400, stack(0x00000000195a0000,0x00000000196a0000)]
  0x0000000017bab000 JavaThread "C2 CompilerThread0" daemon [_thread_blocked, id=6092, stack(0x00000000190a0000,0x00000000191a0000)]
  0x0000000017ba9800 JavaThread "Attach Listener" daemon [_thread_blocked, id=7868, stack(0x0000000018fa0000,0x00000000190a0000)]
  0x0000000017b5e000 JavaThread "Signal Dispatcher" daemon [_thread_blocked, id=3176, stack(0x0000000018ea0000,0x0000000018fa0000)]
  0x0000000002f26000 JavaThread "Finalizer" daemon [_thread_blocked, id=9220, stack(0x0000000018da0000,0x0000000018ea0000)]
  0x0000000002f1d800 JavaThread "Reference Handler" daemon [_thread_blocked, id=12220, stack(0x0000000018ca0000,0x0000000018da0000)]
  0x00000000011ce000 JavaThread "main" [_thread_blocked, id=12460, stack(0x0000000002d30000,0x0000000002e30000)]

Other Threads:
  0x0000000017b15800 VMThread [stack: 0x0000000018ba0000,0x0000000018ca0000] [id=8856]
  0x000000001922b800 WatcherThread [stack: 0x00000000198a0000,0x00000000199a0000] [id=10504]

VM state:not at safepoint (normal execution)

VM Mutex/Monitor currently owned by a thread: None

Heap:
 PSYoungGen      total 561664K, used 425414K [0x00000000d5580000, 0x00000000fea00000, 0x0000000100000000)
  eden space 461312K, 89% used [0x00000000d5580000,0x00000000ee78a7f8,0x00000000f1800000)
  from space 100352K, 13% used [0x00000000f1800000,0x00000000f2567050,0x00000000f7a00000)
  to   space 98304K, 0% used [0x00000000f8a00000,0x00000000f8a00000,0x00000000fea00000)
 ParOldGen       total 1398272K, used 919548K [0x0000000080000000, 0x00000000d5580000, 0x00000000d5580000)
  object space 1398272K, 65% used [0x0000000080000000,0x00000000b81ff238,0x00000000d5580000)
 Metaspace       used 142537K, capacity 153778K, committed 176984K, reserved 1193984K
  class space    used 17999K, capacity 20408K, committed 31616K, reserved 1048576K

Card table byte_map: [0x00000000122f0000,0x0000000012700000] byte_map_base: 0x0000000011ef0000

Marking Bits: (ParMarkBitMap*) 0x000000005fadd4f0
 Begin Bits: [0x0000000012db0000, 0x0000000014db0000)
 End Bits:   [0x0000000014db0000, 0x0000000016db0000)

Polling page: 0x0000000000e40000

CodeCache: size=245760Kb used=118174Kb max_used=133412Kb free=127585Kb
 bounds [0x0000000002f30000, 0x000000000b240000, 0x0000000011f30000]
 total_blobs=33013 nmethods=32065 adapters=859
 compilation: enabled

Compilation events (10 events):
Event: 7077.682 Thread 0x00000000191a5800 73779   !   3       sun.reflect.GeneratedSerializationConstructorAccessor332::newInstance (49 bytes)
Event: 7077.683 Thread 0x00000000191a5800 nmethod 73779 0x000000000a8be010 code [0x000000000a8be1a0, 0x000000000a8be5a8]
Event: 7077.726 Thread 0x00000000191a5800 73781       3       java.awt.geom.AffineTransform::getDeterminant (99 bytes)
Event: 7077.727 Thread 0x00000000191a5800 nmethod 73781 0x0000000008c6a190 code [0x0000000008c6a340, 0x0000000008c6a668]
Event: 7077.749 Thread 0x0000000017bad000 nmethod 73778 0x00000000066112d0 code [0x0000000006611600, 0x0000000006613538]
Event: 7077.749 Thread 0x0000000017bad000 73780       4       java.io.ObjectInputStream$BlockDataInputStream::readShort (73 bytes)
Event: 7077.754 Thread 0x0000000017bad000 nmethod 73780 0x000000000469fd10 code [0x000000000469fe80, 0x00000000046a0188]
Event: 7078.066 Thread 0x0000000017bab000 nmethod 73777 0x000000000aef81d0 code [0x000000000aef8760, 0x000000000aefcc20]
Event: 7078.353 Thread 0x0000000017bad000 73782       4       com.android.ide.common.res2.DataItem::isTouched (15 bytes)
Event: 7078.354 Thread 0x0000000017bad000 nmethod 73782 0x000000000956ce90 code [0x000000000956cfc0, 0x000000000956d018]

GC Heap History (10 events):
Event: 7072.244 GC heap before
{Heap before GC invocations=620 (full 91):
 PSYoungGen      total 538624K, used 501104K [0x00000000d5580000, 0x00000000fc180000, 0x0000000100000000)
  eden space 445440K, 100% used [0x00000000d5580000,0x00000000f0880000,0x00000000f0880000)
  from space 93184K, 59% used [0x00000000f6680000,0x00000000f9cdc060,0x00000000fc180000)
  to   space 94720K, 0% used [0x00000000f0880000,0x00000000f0880000,0x00000000f6500000)
 ParOldGen       total 1398272K, used 914284K [0x0000000080000000, 0x00000000d5580000, 0x00000000d5580000)
  object space 1398272K, 65% used [0x0000000080000000,0x00000000b7cdb148,0x00000000d5580000)
 Metaspace       used 142509K, capacity 153710K, committed 176984K, reserved 1193984K
  class space    used 17999K, capacity 20408K, committed 31616K, reserved 1048576K
Event: 7072.259 GC heap after
Heap after GC invocations=620 (full 91):
 PSYoungGen      total 540160K, used 3495K [0x00000000d5580000, 0x00000000fd200000, 0x0000000100000000)
  eden space 445440K, 0% used [0x00000000d5580000,0x00000000d5580000,0x00000000f0880000)
  from space 94720K, 3% used [0x00000000f0880000,0x00000000f0be9e98,0x00000000f6500000)
  to   space 96768K, 0% used [0x00000000f7380000,0x00000000f7380000,0x00000000fd200000)
 ParOldGen       total 1398272K, used 919236K [0x0000000080000000, 0x00000000d5580000, 0x00000000d5580000)
  object space 1398272K, 65% used [0x0000000080000000,0x00000000b81b1158,0x00000000d5580000)
 Metaspace       used 142509K, capacity 153710K, committed 176984K, reserved 1193984K
  class space    used 17999K, capacity 20408K, committed 31616K, reserved 1048576K
}
Event: 7072.743 GC heap before
{Heap before GC invocations=621 (full 91):
 PSYoungGen      total 540160K, used 448935K [0x00000000d5580000, 0x00000000fd200000, 0x0000000100000000)
  eden space 445440K, 100% used [0x00000000d5580000,0x00000000f0880000,0x00000000f0880000)
  from space 94720K, 3% used [0x00000000f0880000,0x00000000f0be9e98,0x00000000f6500000)
  to   space 96768K, 0% used [0x00000000f7380000,0x00000000f7380000,0x00000000fd200000)
 ParOldGen       total 1398272K, used 919236K [0x0000000080000000, 0x00000000d5580000, 0x00000000d5580000)
  object space 1398272K, 65% used [0x0000000080000000,0x00000000b81b1158,0x00000000d5580000)
 Metaspace       used 142509K, capacity 153710K, committed 176984K, reserved 1193984K
  class space    used 17999K, capacity 20408K, committed 31616K, reserved 1048576K
Event: 7072.792 GC heap after
Heap after GC invocations=621 (full 91):
 PSYoungGen      total 547840K, used 75087K [0x00000000d5580000, 0x00000000fe200000, 0x0000000100000000)
  eden space 451072K, 0% used [0x00000000d5580000,0x00000000d5580000,0x00000000f0e00000)
  from space 96768K, 77% used [0x00000000f7380000,0x00000000fbcd3fb8,0x00000000fd200000)
  to   space 103936K, 0% used [0x00000000f0e00000,0x00000000f0e00000,0x00000000f7380000)
 ParOldGen       total 1398272K, used 919412K [0x0000000080000000, 0x00000000d5580000, 0x00000000d5580000)
  object space 1398272K, 65% used [0x0000000080000000,0x00000000b81dd1b8,0x00000000d5580000)
 Metaspace       used 142509K, capacity 153710K, committed 176984K, reserved 1193984K
  class space    used 17999K, capacity 20408K, committed 31616K, reserved 1048576K
}
Event: 7074.322 GC heap before
{Heap before GC invocations=622 (full 91):
 PSYoungGen      total 547840K, used 526159K [0x00000000d5580000, 0x00000000fe200000, 0x0000000100000000)
  eden space 451072K, 100% used [0x00000000d5580000,0x00000000f0e00000,0x00000000f0e00000)
  from space 96768K, 77% used [0x00000000f7380000,0x00000000fbcd3fb8,0x00000000fd200000)
  to   space 103936K, 0% used [0x00000000f0e00000,0x00000000f0e00000,0x00000000f7380000)
 ParOldGen       total 1398272K, used 919412K [0x0000000080000000, 0x00000000d5580000, 0x00000000d5580000)
  object space 1398272K, 65% used [0x0000000080000000,0x00000000b81dd1b8,0x00000000d5580000)
 Metaspace       used 142511K, capacity 153710K, committed 176984K, reserved 1193984K
  class space    used 17999K, capacity 20408K, committed 31616K, reserved 1048576K
Event: 7074.336 GC heap after
Heap after GC invocations=622 (full 91):
 PSYoungGen      total 555008K, used 11264K [0x00000000d5580000, 0x00000000fe400000, 0x0000000100000000)
  eden space 451072K, 0% used [0x00000000d5580000,0x00000000d5580000,0x00000000f0e00000)
  from space 103936K, 10% used [0x00000000f0e00000,0x00000000f1900020,0x00000000f7380000)
  to   space 103424K, 0% used [0x00000000f7f00000,0x00000000f7f00000,0x00000000fe400000)
 ParOldGen       total 1398272K, used 919532K [0x0000000080000000, 0x00000000d5580000, 0x00000000d5580000)
  object space 1398272K, 65% used [0x0000000080000000,0x00000000b81fb238,0x00000000d5580000)
 Metaspace       used 142511K, capacity 153710K, committed 176984K, reserved 1193984K
  class space    used 17999K, capacity 20408K, committed 31616K, reserved 1048576K
}
Event: 7076.357 GC heap before
{Heap before GC invocations=623 (full 91):
 PSYoungGen      total 555008K, used 461898K [0x00000000d5580000, 0x00000000fe400000, 0x0000000100000000)
  eden space 451072K, 99% used [0x00000000d5580000,0x00000000f0d929d8,0x00000000f0e00000)
  from space 103936K, 10% used [0x00000000f0e00000,0x00000000f1900020,0x00000000f7380000)
  to   space 103424K, 0% used [0x00000000f7f00000,0x00000000f7f00000,0x00000000fe400000)
 ParOldGen       total 1398272K, used 919532K [0x0000000080000000, 0x00000000d5580000, 0x00000000d5580000)
  object space 1398272K, 65% used [0x0000000080000000,0x00000000b81fb238,0x00000000d5580000)
 Metaspace       used 142521K, capacity 153714K, committed 176984K, reserved 1193984K
  class space    used 17999K, capacity 20408K, committed 31616K, reserved 1048576K
Event: 7076.384 GC heap after
Heap after GC invocations=623 (full 91):
 PSYoungGen      total 556544K, used 22776K [0x00000000d5580000, 0x00000000fdc00000, 0x0000000100000000)
  eden space 461312K, 0% used [0x00000000d5580000,0x00000000d5580000,0x00000000f1800000)
  from space 95232K, 23% used [0x00000000f7f00000,0x00000000f953e268,0x00000000fdc00000)
  to   space 100352K, 0% used [0x00000000f1800000,0x00000000f1800000,0x00000000f7a00000)
 ParOldGen       total 1398272K, used 919532K [0x0000000080000000, 0x00000000d5580000, 0x00000000d5580000)
  object space 1398272K, 65% used [0x0000000080000000,0x00000000b81fb238,0x00000000d5580000)
 Metaspace       used 142521K, capacity 153714K, committed 176984K, reserved 1193984K
  class space    used 17999K, capacity 20408K, committed 31616K, reserved 1048576K
}
Event: 7076.433 GC heap before
{Heap before GC invocations=624 (full 91):
 PSYoungGen      total 556544K, used 483160K [0x00000000d5580000, 0x00000000fdc00000, 0x0000000100000000)
  eden space 461312K, 99% used [0x00000000d5580000,0x00000000f1717ea0,0x00000000f1800000)
  from space 95232K, 23% used [0x00000000f7f00000,0x00000000f953e268,0x00000000fdc00000)
  to   space 100352K, 0% used [0x00000000f1800000,0x00000000f1800000,0x00000000f7a00000)
 ParOldGen       total 1398272K, used 919532K [0x0000000080000000, 0x00000000d5580000, 0x00000000d5580000)
  object space 1398272K, 65% used [0x0000000080000000,0x00000000b81fb238,0x00000000d5580000)
 Metaspace       used 142521K, capacity 153714K, committed 176984K, reserved 1193984K
  class space    used 17999K, capacity 20408K, committed 31616K, reserved 1048576K
Event: 7076.446 GC heap after
Heap after GC invocations=624 (full 91):
 PSYoungGen      total 561664K, used 13724K [0x00000000d5580000, 0x00000000fea00000, 0x0000000100000000)
  eden space 461312K, 0% used [0x00000000d5580000,0x00000000d5580000,0x00000000f1800000)
  from space 100352K, 13% used [0x00000000f1800000,0x00000000f2567050,0x00000000f7a00000)
  to   space 98304K, 0% used [0x00000000f8a00000,0x00000000f8a00000,0x00000000fea00000)
 ParOldGen       total 1398272K, used 919548K [0x0000000080000000, 0x00000000d5580000, 0x00000000d5580000)
  object space 1398272K, 65% used [0x0000000080000000,0x00000000b81ff238,0x00000000d5580000)
 Metaspace       used 142521K, capacity 153714K, committed 176984K, reserved 1193984K
  class space    used 17999K, capacity 20408K, committed 31616K, reserved 1048576K
}

Deoptimization events (10 events):
Event: 7012.089 Thread 0x000000001d05b000 Uncommon trap: reason=class_check action=maybe_recompile pc=0x00000000078858f4 method=com.google.common.collect.ImmutableSet.copyOf(Ljava/lang/Iterable;)Lcom/google/common/collect/ImmutableSet; @ 8
Event: 7012.089 Thread 0x000000001d05b000 Uncommon trap: reason=class_check action=maybe_recompile pc=0x00000000078858f4 method=com.google.common.collect.ImmutableSet.copyOf(Ljava/lang/Iterable;)Lcom/google/common/collect/ImmutableSet; @ 8
Event: 7012.146 Thread 0x000000001d05b000 Uncommon trap: reason=bimorphic action=maybe_recompile pc=0x0000000009a0613c method=com.google.common.collect.ImmutableList.copyOf(Ljava/util/Collection;)Lcom/google/common/collect/ImmutableList; @ 16
Event: 7012.148 Thread 0x000000001d05b000 Uncommon trap: reason=bimorphic action=maybe_recompile pc=0x0000000009a0613c method=com.google.common.collect.ImmutableList.copyOf(Ljava/util/Collection;)Lcom/google/common/collect/ImmutableList; @ 16
Event: 7012.156 Thread 0x000000001d05b000 Uncommon trap: reason=bimorphic action=maybe_recompile pc=0x0000000009a0613c method=com.google.common.collect.ImmutableList.copyOf(Ljava/util/Collection;)Lcom/google/common/collect/ImmutableList; @ 16
Event: 7012.163 Thread 0x000000001d05b000 Uncommon trap: reason=bimorphic action=maybe_recompile pc=0x0000000009a0613c method=com.google.common.collect.ImmutableList.copyOf(Ljava/util/Collection;)Lcom/google/common/collect/ImmutableList; @ 16
Event: 7012.293 Thread 0x000000001d05b000 Uncommon trap: reason=class_check action=maybe_recompile pc=0x0000000009bb7548 method=com.google.googlejavaformat.java.JavaOutput.append(Ljava/lang/String;Lcom/google/common/collect/Range;)V @ 131
Event: 7012.293 Thread 0x000000001d05b000 Uncommon trap: reason=class_check action=maybe_recompile pc=0x0000000009bb7548 method=com.google.googlejavaformat.java.JavaOutput.append(Ljava/lang/String;Lcom/google/common/collect/Range;)V @ 131
Event: 7012.432 Thread 0x000000001d05b000 Uncommon trap: reason=class_check action=maybe_recompile pc=0x0000000009bb7548 method=com.google.googlejavaformat.java.JavaOutput.append(Ljava/lang/String;Lcom/google/common/collect/Range;)V @ 131
Event: 7012.516 Thread 0x000000001d05b000 Uncommon trap: reason=class_check action=maybe_recompile pc=0x0000000009bb7548 method=com.google.googlejavaformat.java.JavaOutput.append(Ljava/lang/String;Lcom/google/common/collect/Range;)V @ 131

Internal exceptions (10 events):
Event: 7078.522 Thread 0x0000000028aff800 Exception <a 'sun/nio/fs/WindowsException'> (0x00000000ee6b88a8) thrown at [C:\workspace\8-2-build-windows-amd64-cygwin\jdk8u31\2394\hotspot\src\share\vm\prims\jni.cpp, line 716]
Event: 7078.524 Thread 0x0000000028aff800 Exception <a 'sun/nio/fs/WindowsException'> (0x00000000ee6b9340) thrown at [C:\workspace\8-2-build-windows-amd64-cygwin\jdk8u31\2394\hotspot\src\share\vm\prims\jni.cpp, line 716]
Event: 7078.524 Thread 0x0000000028aff800 Exception <a 'sun/nio/fs/WindowsException'> (0x00000000ee6bafc0) thrown at [C:\workspace\8-2-build-windows-amd64-cygwin\jdk8u31\2394\hotspot\src\share\vm\prims\jni.cpp, line 716]
Event: 7078.526 Thread 0x0000000028aff800 Exception <a 'sun/nio/fs/WindowsException'> (0x00000000ee6bba08) thrown at [C:\workspace\8-2-build-windows-amd64-cygwin\jdk8u31\2394\hotspot\src\share\vm\prims\jni.cpp, line 716]
Event: 7078.527 Thread 0x0000000028aff800 Exception <a 'sun/nio/fs/WindowsException'> (0x00000000ee6bd940) thrown at [C:\workspace\8-2-build-windows-amd64-cygwin\jdk8u31\2394\hotspot\src\share\vm\prims\jni.cpp, line 716]
Event: 7078.529 Thread 0x0000000028aff800 Exception <a 'sun/nio/fs/WindowsException'> (0x00000000ee6be478) thrown at [C:\workspace\8-2-build-windows-amd64-cygwin\jdk8u31\2394\hotspot\src\share\vm\prims\jni.cpp, line 716]
Event: 7078.529 Thread 0x0000000028aff800 Exception <a 'sun/nio/fs/WindowsException'> (0x00000000ee6bfda0) thrown at [C:\workspace\8-2-build-windows-amd64-cygwin\jdk8u31\2394\hotspot\src\share\vm\prims\jni.cpp, line 716]
Event: 7078.532 Thread 0x0000000028aff800 Exception <a 'sun/nio/fs/WindowsException'> (0x00000000ee6c05d0) thrown at [C:\workspace\8-2-build-windows-amd64-cygwin\jdk8u31\2394\hotspot\src\share\vm\prims\jni.cpp, line 716]
Event: 7078.533 Thread 0x0000000028aff800 Exception <a 'sun/nio/fs/WindowsException'> (0x00000000ee6c22d0) thrown at [C:\workspace\8-2-build-windows-amd64-cygwin\jdk8u31\2394\hotspot\src\share\vm\prims\jni.cpp, line 716]
Event: 7078.535 Thread 0x0000000028aff800 Exception <a 'sun/nio/fs/WindowsException'> (0x00000000ee6c2d40) thrown at [C:\workspace\8-2-build-windows-amd64-cygwin\jdk8u31\2394\hotspot\src\share\vm\prims\jni.cpp, line 716]

Events (10 events):
Event: 7077.305 Thread 0x00000000191a5800 flushing nmethod 0x000000000ac170d0
Event: 7077.305 Thread 0x00000000191a5800 flushing nmethod 0x000000000ac18c50
Event: 7077.306 Thread 0x00000000191a5800 flushing nmethod 0x000000000ac1c350
Event: 7077.313 Thread 0x00000000191a5800 flushing nmethod 0x000000000b1465d0
Event: 7077.313 Thread 0x00000000191a5800 flushing nmethod 0x000000000b146e10
Event: 7077.313 Thread 0x00000000191a5800 flushing nmethod 0x000000000b14b690
Event: 7077.313 Thread 0x00000000191a5800 flushing nmethod 0x000000000b14c190
Event: 7077.671 Thread 0x000000001d051000 Thread added: 0x000000001d051000
Event: 7077.678 Thread 0x000000001d05b800 Thread added: 0x000000001d05b800
Event: 7077.688 Thread 0x000000001d05d000 Thread added: 0x000000001d05d000


Dynamic libraries:
0x00007ff75a740000 - 0x00007ff75a774000 	D:\jdk1.8\bin\java.exe
0x00007ffcbe250000 - 0x00007ffcbe421000 	C:\Windows\SYSTEM32\ntdll.dll
0x00007ffcbca90000 - 0x00007ffcbcb3b000 	C:\Windows\System32\KERNEL32.DLL
0x00007ffcba6a0000 - 0x00007ffcba8bd000 	C:\Windows\System32\KERNELBASE.dll
0x00007ffcbb6c0000 - 0x00007ffcbb762000 	C:\Windows\System32\ADVAPI32.dll
0x00007ffcbb620000 - 0x00007ffcbb6be000 	C:\Windows\System32\msvcrt.dll
0x00007ffcbb770000 - 0x00007ffcbb7c9000 	C:\Windows\System32\sechost.dll
0x00007ffcbc630000 - 0x00007ffcbc751000 	C:\Windows\System32\RPCRT4.dll
0x00007ffcbc4c0000 - 0x00007ffcbc625000 	C:\Windows\System32\USER32.dll
0x00007ffcba520000 - 0x00007ffcba53e000 	C:\Windows\System32\win32u.dll
0x00007ffcbe0b0000 - 0x00007ffcbe0e4000 	C:\Windows\System32\GDI32.dll
0x00007ffcbafa0000 - 0x00007ffcbb122000 	C:\Windows\System32\gdi32full.dll
0x00007ffcb4af0000 - 0x00007ffcb4d69000 	C:\Windows\WinSxS\amd64_microsoft.windows.common-controls_6595b64144ccf1df_6.0.14393.447_none_42191651c6827bb3\COMCTL32.dll
0x00007ffcbbdc0000 - 0x00007ffcbc088000 	C:\Windows\System32\combase.dll
0x00007ffcbb3c0000 - 0x00007ffcbb4b5000 	C:\Windows\System32\ucrtbase.dll
0x00007ffcba540000 - 0x00007ffcba5aa000 	C:\Windows\System32\bcryptPrimitives.dll
0x00007ffcbc8c0000 - 0x00007ffcbc8ee000 	C:\Windows\System32\IMM32.DLL
0x00007ffcba380000 - 0x00007ffcba3b1000 	C:\Windows\system32\nvinitx.dll
0x00007ffcba370000 - 0x00007ffcba37a000 	C:\Windows\SYSTEM32\VERSION.dll
0x0000000061c80000 - 0x0000000061c86000 	C:\Program Files\NVIDIA Corporation\CoProcManager\_etoured.dll
0x00007ffcb7c50000 - 0x00007ffcb7c83000 	C:\Program Files\NVIDIA Corporation\CoProcManager\nvd3d9wrapx.dll
0x00007ffcbc090000 - 0x00007ffcbc4b9000 	C:\Windows\System32\SETUPAPI.dll
0x00007ffcba5b0000 - 0x00007ffcba5f2000 	C:\Windows\System32\cfgmgr32.dll
0x00007ffcb7a50000 - 0x00007ffcb7a72000 	C:\Program Files\NVIDIA Corporation\CoProcManager\nvdxgiwrapx.dll
0x000000005fb60000 - 0x000000005fc32000 	D:\jdk1.8\jre\bin\msvcr100.dll
0x000000005f300000 - 0x000000005fb5a000 	D:\jdk1.8\jre\bin\server\jvm.dll
0x00007ffcba4f0000 - 0x00007ffcba513000 	C:\Windows\System32\WINMM.dll
0x00007ffcba4b0000 - 0x00007ffcba4db000 	C:\Windows\System32\WINMMBASE.dll
0x00007ffcbc8b0000 - 0x00007ffcbc8b8000 	C:\Windows\System32\PSAPI.DLL
0x00007ffcafbf0000 - 0x00007ffcafbf9000 	C:\Windows\SYSTEM32\WSOCK32.dll
0x00007ffcbc770000 - 0x00007ffcbc7da000 	C:\Windows\System32\WS2_32.dll
0x000000005f2f0000 - 0x000000005f2ff000 	D:\jdk1.8\jre\bin\verify.dll
0x000000005f2c0000 - 0x000000005f2e8000 	D:\jdk1.8\jre\bin\java.dll
0x000000005f2a0000 - 0x000000005f2b6000 	D:\jdk1.8\jre\bin\zip.dll
0x00007ffcbcb40000 - 0x00007ffcbe049000 	C:\Windows\System32\SHELL32.dll
0x00007ffcba8c0000 - 0x00007ffcbaf9a000 	C:\Windows\System32\windows.storage.dll
0x00007ffcbb140000 - 0x00007ffcbb18c000 	C:\Windows\System32\powrprof.dll
0x00007ffcbe050000 - 0x00007ffcbe0a2000 	C:\Windows\System32\shlwapi.dll
0x00007ffcba4e0000 - 0x00007ffcba4ef000 	C:\Windows\System32\kernel.appcore.dll
0x00007ffcbb4c0000 - 0x00007ffcbb569000 	C:\Windows\System32\shcore.dll
0x00007ffcba480000 - 0x00007ffcba494000 	C:\Windows\System32\profapi.dll
0x000000005f280000 - 0x000000005f29a000 	D:\jdk1.8\jre\bin\net.dll
0x00007ffcb9d00000 - 0x00007ffcb9d5c000 	C:\Windows\system32\mswsock.dll
0x000000005f260000 - 0x000000005f271000 	D:\jdk1.8\jre\bin\nio.dll
0x00007ffca8840000 - 0x00007ffca885e000 	C:\Users\Administrator\.gradle\native\25\windows-amd64\native-platform.dll
0x000000005f250000 - 0x000000005f25d000 	D:\jdk1.8\jre\bin\management.dll
0x00007ffcb9eb0000 - 0x00007ffcb9ec7000 	C:\Windows\SYSTEM32\CRYPTSP.dll
0x00007ffcb9910000 - 0x00007ffcb9943000 	C:\Windows\system32\rsaenh.dll
0x00007ffcba3c0000 - 0x00007ffcba3eb000 	C:\Windows\SYSTEM32\bcrypt.dll
0x00007ffcb9b80000 - 0x00007ffcb9b9f000 	C:\Windows\SYSTEM32\USERENV.dll
0x00007ffcb9ea0000 - 0x00007ffcb9eab000 	C:\Windows\SYSTEM32\CRYPTBASE.dll
0x00007ffcb9a90000 - 0x00007ffcb9ac8000 	C:\Windows\SYSTEM32\IPHLPAPI.DLL
0x00007ffcbc760000 - 0x00007ffcbc768000 	C:\Windows\System32\NSI.dll
0x00007ffcb3dc0000 - 0x00007ffcb3dd6000 	C:\Windows\SYSTEM32\dhcpcsvc6.DLL
0x00007ffcb3da0000 - 0x00007ffcb3dba000 	C:\Windows\SYSTEM32\dhcpcsvc.DLL
0x0000000064940000 - 0x00000000649c7000 	C:\Users\Administrator\AppData\Local\Temp\aapt2_1363447447508508483\libwinpthread-1.dll
0x000000006d040000 - 0x0000000070c3e000 	C:\Users\Administrator\AppData\Local\Temp\aapt2_1363447447508508483\libaapt2_jni.dll
0x00007ffcb97e0000 - 0x00007ffcb9812000 	C:\Windows\SYSTEM32\ntmarta.dll
0x000000005f0b0000 - 0x000000005f248000 	D:\jdk1.8\jre\bin\awt.dll
0x00007ffcbbc00000 - 0x00007ffcbbcbf000 	C:\Windows\System32\OLEAUT32.dll
0x000000001b470000 - 0x000000001b50c000 	C:\Windows\System32\msvcp_win.dll
0x00007ffcb88f0000 - 0x00007ffcb896a000 	C:\Windows\SYSTEM32\apphelp.dll
0x00007ffcb8380000 - 0x00007ffcb83a6000 	C:\Windows\system32\DWMAPI.DLL
0x00007ffcb8bc0000 - 0x00007ffcb8c55000 	C:\Windows\system32\uxtheme.dll
0x000000005f080000 - 0x000000005f0aa000 	D:\jdk1.8\jre\bin\dcpr.dll
0x00007ffc9c180000 - 0x00007ffc9c312000 	C:\Windows\SYSTEM32\dbghelp.dll

VM Arguments:
jvm_args: -XX:MaxPermSize=512m -XX:+HeapDumpOnOutOfMemoryError -Xmx2048m -Dfile.encoding=UTF-8 -Duser.country=CN -Duser.language=zh -Duser.variant 
java_command: org.gradle.launcher.daemon.bootstrap.GradleDaemon 4.1-rc-1
java_class_path (initial): C:\Users\Administrator\.gradle\wrapper\dists\gradle-4.1-rc-1-all\936kh1brdchce6fvd2c1o8t8x\gradle-4.1-rc-1\lib\gradle-launcher-4.1.jar
Launcher Type: SUN_STANDARD

Environment Variables:
JAVA_HOME=D:\jdk1.8
CLASSPATH=D:\jdk1.8\lib\dt.jar;D:\jdk1.8\lib\tools.jar
PATH=C:\Windows\system32;C:\Windows;C:\Windows\System32\Wbem;C:\Windows\System32\WindowsPowerShell\v1.0\;D:\jdk1.8\bin;D:\jdk1.8\jre\bin;C:\Program Files (x86)\Microsoft SQL Server\100\Tools\Binn\;C:\Program Files\Microsoft SQL Server\100\Tools\Binn\;C:\Program Files\Microsoft SQL Server\100\DTS\Binn\;D:\Studio\AndroidSdk\ndk-bundle;D:\Studio\AndroidSdk\tools;D:\Studio\AndroidSdk\platform-tools;D:\Git\cmd;D:\Git\bin;I:\phpstudy\WWW\phalcon-devtools-master;I:\phpstudy\php\php-5.6.27-nts;D:\Visual_C++\Tools\WinNT;D:\Visual_C++\MSDev98\Bin;D:\Visual_C++\Tools;D:\VC98\bin;C:\Users\Administrator\AppData\Local\Microsoft\WindowsApps;C:\Users\Administrator\AppData\Local\Programs\Fiddler
USERNAME=shenyu_zxjCode
OS=Windows_NT
PROCESSOR_IDENTIFIER=Intel64 Family 6 Model 58 Stepping 9, GenuineIntel



---------------  S Y S T E M  ---------------

OS: Windows 8.1 , 64 bit Build 9600 

CPU:total 4 (2 cores per cpu, 2 threads per core) family 6 model 58 stepping 9, cmov, cx8, fxsr, mmx, sse, sse2, sse3, ssse3, sse4.1, sse4.2, popcnt, avx, aes, clmul, erms, ht, tsc, tscinvbit, tscinv

Memory: 4k page, physical 12465920k(1738492k free), swap 12465920k(8088k free)

vm_info: Java HotSpot(TM) 64-Bit Server VM (25.31-b07) for windows-amd64 JRE (1.8.0_31-b13), built on Dec 17 2014 21:00:28 by "java_re" with MS VC++ 10.0 (VS2010)

time: Fri Dec 22 15:36:34 2017
elapsed time: 7078 seconds (0d 1h 57m 58s)

